<?xml version="1.0" encoding="UTF-8"?>
<testng-results skipped="0" failed="0" total="2" passed="2">
  <reporter-output>
  </reporter-output>
  <suite name="Default suite" duration-ms="203227" started-at="2015-08-27T08:57:18Z" finished-at="2015-08-27T09:00:41Z">
    <groups>
    </groups>
    <test name="Default test" duration-ms="203227" started-at="2015-08-27T08:57:18Z" finished-at="2015-08-27T09:00:41Z">
      <class name="com.wuba.device.DeviceManagerTest">
        <test-method status="PASS" signature="setUp()[pri:0, instance:com.wuba.device.DeviceManagerTest@2b71ee01]" name="setUp" is-config="true" duration-ms="3173" started-at="2015-08-27T16:57:18Z" finished-at="2015-08-27T16:57:21Z">
          <reporter-output>
          </reporter-output>
        </test-method> <!-- setUp -->
        <test-method status="PASS" signature="allocateDeviceBySn()[pri:0, instance:com.wuba.device.DeviceManagerTest@2b71ee01]" name="allocateDeviceBySn" duration-ms="200028" started-at="2015-08-27T16:57:21Z" finished-at="2015-08-27T17:00:41Z">
          <reporter-output>
          </reporter-output>
        </test-method> <!-- allocateDeviceBySn -->
        <test-method status="PASS" signature="deviceStateTest()[pri:0, instance:com.wuba.device.DeviceManagerTest@2b71ee01]" name="deviceStateTest" duration-ms="1" started-at="2015-08-27T17:00:41Z" finished-at="2015-08-27T17:00:41Z">
          <reporter-output>
          </reporter-output>
        </test-method> <!-- deviceStateTest -->
        <test-method status="PASS" signature="tearDown()[pri:0, instance:com.wuba.device.DeviceManagerTest@2b71ee01]" name="tearDown" is-config="true" duration-ms="3" started-at="2015-08-27T17:00:41Z" finished-at="2015-08-27T17:00:41Z">
          <reporter-output>
          </reporter-output>
        </test-method> <!-- tearDown -->
      </class> <!-- com.wuba.device.DeviceManagerTest -->
    </test> <!-- Default test -->
  </suite> <!-- Default suite -->
</testng-results>
